d:\workshop\leventuredesign\leventuredesign\qmanager\debug\vc142.pdb
d:\workshop\leventuredesign\leventuredesign\qmanager\debug\qrc_qmanager.obj
d:\workshop\leventuredesign\leventuredesign\qmanager\debug\qmanager.obj
d:\workshop\leventuredesign\leventuredesign\qmanager\debug\main.obj
d:\workshop\leventuredesign\leventuredesign\qmanager\debug\qtqmanager.obj
d:\workshop\leventuredesign\leventuredesign\qmanager\debug\qinsert.obj
d:\workshop\leventuredesign\leventuredesign\qmanager\debug\dataoperate.obj
d:\workshop\leventuredesign\leventuredesign\qmanager\debug\moc_qmanager.obj
d:\workshop\leventuredesign\leventuredesign\qmanager\debug\moc_qinsert.obj
d:\workshop\leventuredesign\leventuredesign\qmanager\debug\moc_qtqmanager.obj
d:\workshop\leventuredesign\leventuredesign\debug\qmanager.exe
d:\workshop\leventuredesign\leventuredesign\debug\qmanager.ilk
d:\workshop\leventuredesign\leventuredesign\debug\qmanager.pdb
d:\workshop\leventuredesign\leventuredesign\qmanager\debug\moc\moc_qinsert.cpp
d:\workshop\leventuredesign\leventuredesign\qmanager\debug\moc\moc_qmanager.cpp
d:\workshop\leventuredesign\leventuredesign\qmanager\debug\moc\moc_qtqmanager.cpp
d:\workshop\leventuredesign\leventuredesign\qmanager\debug\uic\ui_qinsert.h
d:\workshop\leventuredesign\leventuredesign\qmanager\debug\uic\ui_qmanager.h
d:\workshop\leventuredesign\leventuredesign\qmanager\debug\uic\ui_qtqmanager.h
d:\workshop\leventuredesign\leventuredesign\qmanager\debug\rcc\qrc_qmanager.cpp
d:\workshop\leventuredesign\leventuredesign\qmanager\debug\qmanager.tlog\cl.command.1.tlog
d:\workshop\leventuredesign\leventuredesign\qmanager\debug\qmanager.tlog\cl.read.1.tlog
d:\workshop\leventuredesign\leventuredesign\qmanager\debug\qmanager.tlog\cl.write.1.tlog
d:\workshop\leventuredesign\leventuredesign\qmanager\debug\qmanager.tlog\link.command.1.tlog
d:\workshop\leventuredesign\leventuredesign\qmanager\debug\qmanager.tlog\link.read.1.tlog
d:\workshop\leventuredesign\leventuredesign\qmanager\debug\qmanager.tlog\link.write.1.tlog
d:\workshop\leventuredesign\leventuredesign\qmanager\debug\qmanager.tlog\moc.read.1u.tlog
d:\workshop\leventuredesign\leventuredesign\qmanager\debug\qmanager.tlog\moc.write.1u.tlog
d:\workshop\leventuredesign\leventuredesign\qmanager\debug\qmanager.tlog\qmanager.write.1u.tlog
d:\workshop\leventuredesign\leventuredesign\qmanager\debug\qmanager.tlog\rcc.read.1u.tlog
d:\workshop\leventuredesign\leventuredesign\qmanager\debug\qmanager.tlog\rcc.write.1u.tlog
d:\workshop\leventuredesign\leventuredesign\qmanager\debug\qmanager.tlog\uic.read.1u.tlog
d:\workshop\leventuredesign\leventuredesign\qmanager\debug\qmanager.tlog\uic.write.1u.tlog
